
Log for '/tmp/0d0eec1342354bf3aba40201c50c51d0-pulp.lp' Clone_1 (V22.1.0.0) Thu Jan  5 11:26:36 2023

Tried aggregator 1 time.
LP Presolve eliminated 1518 rows and 3464 columns.
All rows and columns eliminated.
Presolve time = 0.00 sec. (1.08 ticks)

Log for '/tmp/0d0eec1342354bf3aba40201c50c51d0-pulp.lp' Clone_1 (V22.1.0.0) Thu Jan  5 11:26:36 2023

Using devex.
Parallel mode: deterministic, using up to 6 threads for concurrent optimization:
 * Starting dual Simplex on 1 thread...
 * Starting primal Simplex on 1 thread...

Total time on 6 threads = 0.00 sec. (192.93 ticks)

Dual simplex solved model.


Log for '/tmp/e43325f484ac4c83834591485e66cb13-pulp.lp' Clone_1 (V22.1.0.0) Fri Jan  6 10:33:09 2023


Log for '/tmp/e43325f484ac4c83834591485e66cb13-pulp.lp' Clone_1 (V22.1.0.0) Fri Jan  6 10:34:16 2023

Tried aggregator 1 time.
LP Presolve eliminated 5059 rows and 3660 columns.
All rows and columns eliminated.
Presolve time = 0.00 sec. (2.00 ticks)

Log for '/tmp/e43325f484ac4c83834591485e66cb13-pulp.lp' Clone_1 (V22.1.0.0) Fri Jan  6 10:34:16 2023

Using steepest-edge.
Parallel mode: deterministic, using up to 6 threads for concurrent optimization:
 * Starting dual Simplex on 1 thread...
 * Starting primal Simplex on 1 thread...

Total time on 6 threads = 0.00 sec. (195.93 ticks)

Dual simplex solved model.


Log for '/tmp/5cae3f22311f4a6a91ded6da510ee8df-pulp.lp' Clone_1 (V22.1.0.0) Fri Jan  6 10:35:16 2023


Log for '/tmp/5cae3f22311f4a6a91ded6da510ee8df-pulp.lp' Clone_1 (V22.1.0.0) Fri Jan  6 10:36:23 2023

Tried aggregator 1 time.
LP Presolve eliminated 5059 rows and 3660 columns.
All rows and columns eliminated.
Presolve time = 0.00 sec. (2.00 ticks)
Parallel mode: deterministic, using up to 6 threads for concurrent optimization:
 * Starting dual Simplex on 1 thread...
 * Starting primal Simplex on 1 thread...

Log for '/tmp/5cae3f22311f4a6a91ded6da510ee8df-pulp.lp' Clone_1 (V22.1.0.0) Fri Jan  6 10:36:23 2023

Using steepest-edge.

Total time on 6 threads = 0.00 sec. (195.93 ticks)

Dual simplex solved model.


Log for '/tmp/5074614da01e4c28820d255e55d29b60-pulp.lp' Clone_1 (V22.1.0.0) Fri Jan  6 10:36:24 2023


Log for '/tmp/5074614da01e4c28820d255e55d29b60-pulp.lp' Clone_1 (V22.1.0.0) Fri Jan  6 10:37:31 2023

Tried aggregator 1 time.
LP Presolve eliminated 5059 rows and 3660 columns.
All rows and columns eliminated.
Presolve time = 0.00 sec. (2.00 ticks)
Parallel mode: deterministic, using up to 6 threads for concurrent optimization:
 * Starting dual Simplex on 1 thread...
 * Starting primal Simplex on 1 thread...

Log for '/tmp/5074614da01e4c28820d255e55d29b60-pulp.lp' Clone_1 (V22.1.0.0) Fri Jan  6 10:37:31 2023

Using steepest-edge.

Total time on 6 threads = 0.00 sec. (195.93 ticks)

Dual simplex solved model.


Log for '/tmp/514269544e834c62b594537e27fa9e00-pulp.lp' Clone_1 (V22.1.0.0) Fri Jan  6 10:37:32 2023


Log for '/tmp/514269544e834c62b594537e27fa9e00-pulp.lp' Clone_1 (V22.1.0.0) Fri Jan  6 10:38:16 2023

Tried aggregator 1 time.
LP Presolve eliminated 5059 rows and 3660 columns.
All rows and columns eliminated.
Presolve time = 0.00 sec. (2.00 ticks)
Parallel mode: deterministic, using up to 6 threads for concurrent optimization:
 * Starting dual Simplex on 1 thread...
 * Starting primal Simplex on 1 thread...

Log for '/tmp/514269544e834c62b594537e27fa9e00-pulp.lp' Clone_1 (V22.1.0.0) Fri Jan  6 10:38:16 2023

Using steepest-edge.

Total time on 6 threads = 0.01 sec. (195.93 ticks)

Dual simplex solved model.


Log for '/tmp/1b9c048982e74acea32612e581b358e5-pulp.lp' Clone_1 (V22.1.0.0) Fri Jan  6 10:42:04 2023


Log for '/tmp/d5002d8e9ee34d3b83d55634e259e7ba-pulp.lp' Clone_1 (V22.1.0.0) Fri Jan  6 10:42:08 2023


Log for '/tmp/d5002d8e9ee34d3b83d55634e259e7ba-pulp.lp' Clone_1 (V22.1.0.0) Fri Jan  6 10:43:04 2023

Tried aggregator 1 time.
LP Presolve eliminated 3275 rows and 2476 columns.
All rows and columns eliminated.
Presolve time = 0.00 sec. (1.34 ticks)

Log for '/tmp/d5002d8e9ee34d3b83d55634e259e7ba-pulp.lp' Clone_1 (V22.1.0.0) Fri Jan  6 10:43:04 2023

Using steepest-edge.
Parallel mode: deterministic, using up to 6 threads for concurrent optimization:
 * Starting dual Simplex on 1 thread...
 * Starting primal Simplex on 1 thread...

Total time on 6 threads = 0.00 sec. (194.18 ticks)

Dual simplex solved model.


Log for '/tmp/492c2d20dd544ddbb55d9cfd0b82f078-pulp.lp' Clone_1 (V22.1.0.0) Fri Jan  6 10:43:05 2023


Log for '/tmp/f085a14766454fd98d005d26cb9c6e24-pulp.lp' Clone_1 (V22.1.0.0) Fri Jan  6 10:43:12 2023


Log for '/tmp/07185cb685a54655b337387e5836782a-pulp.lp' Clone_1 (V22.1.0.0) Fri Jan  6 10:43:29 2023


Log for '/tmp/14922e4d94534c95a8cd6ed8caebf632-pulp.lp' Clone_1 (V22.1.0.0) Fri Jan  6 10:43:29 2023


Log for '/tmp/1d43e41107c2448d97fc88100aec83bc-pulp.lp' Clone_1 (V22.1.0.0) Fri Jan  6 10:43:32 2023


Log for '/tmp/1d43e41107c2448d97fc88100aec83bc-pulp.lp' Clone_1 (V22.1.0.0) Fri Jan  6 10:46:26 2023

Tried aggregator 1 time.
LP Presolve eliminated 3771 rows and 2772 columns.
All rows and columns eliminated.
Presolve time = 0.00 sec. (1.51 ticks)
Parallel mode: deterministic, using up to 6 threads for concurrent optimization:
 * Starting dual Simplex on 1 thread...
 * Starting primal Simplex on 1 thread...

Log for '/tmp/1d43e41107c2448d97fc88100aec83bc-pulp.lp' Clone_1 (V22.1.0.0) Fri Jan  6 10:46:26 2023

Using steepest-edge.

Total time on 6 threads = 0.00 sec. (194.64 ticks)

Dual simplex solved model.


Log for '/tmp/537e2577fbe1462ba216fa2128cb5804-pulp.lp' Clone_1 (V22.1.0.0) Fri Jan  6 10:46:28 2023


Log for '/tmp/0e1024d335694a9a853df92271c43fca-pulp.lp' Clone_1 (V22.1.0.0) Fri Jan  6 10:49:37 2023

Tried aggregator 1 time.
LP Presolve eliminated 129198 rows and 89444 columns.
All rows and columns eliminated.
Presolve time = 0.04 sec. (51.53 ticks)
Parallel mode: deterministic, using up to 6 threads for concurrent optimization:
 * Starting dual Simplex on 1 thread...
 * Starting primal Simplex on 1 thread...

Log for '/tmp/0e1024d335694a9a853df92271c43fca-pulp.lp' Clone_1 (V22.1.0.0) Fri Jan  6 10:49:37 2023

Using steepest-edge.

Total time on 6 threads = 0.13 sec. (316.21 ticks)

Dual simplex solved model.


Log for '/tmp/94fbb4ff6695491fbbe717020f47be85-pulp.lp' Clone_1 (V22.1.0.0) Fri Jan  6 10:54:13 2023

Tried aggregator 1 time.
LP Presolve eliminated 129198 rows and 89444 columns.
All rows and columns eliminated.
Presolve time = 0.05 sec. (51.53 ticks)
Parallel mode: deterministic, using up to 6 threads for concurrent optimization:
 * Starting dual Simplex on 1 thread...
 * Starting primal Simplex on 1 thread...

Log for '/tmp/94fbb4ff6695491fbbe717020f47be85-pulp.lp' Clone_1 (V22.1.0.0) Fri Jan  6 10:54:13 2023

Using steepest-edge.

Total time on 6 threads = 0.15 sec. (316.20 ticks)

Dual simplex solved model.


Log for '/tmp/a499e43a9d44474cad318e4cf9340ad4-pulp.lp' Clone_1 (V22.1.0.0) Fri Jan  6 11:25:32 2023

Tried aggregator 1 time.
LP Presolve eliminated 575998 rows and 416638 columns.
All rows and columns eliminated.
Presolve time = 0.35 sec. (237.65 ticks)
Parallel mode: deterministic, using up to 6 threads for concurrent optimization:
 * Starting dual Simplex on 1 thread...
 * Starting primal Simplex on 1 thread...

Log for '/tmp/a499e43a9d44474cad318e4cf9340ad4-pulp.lp' Clone_1 (V22.1.0.0) Fri Jan  6 11:25:33 2023

Using steepest-edge.

Total time on 6 threads = 0.83 sec. (762.63 ticks)

Dual simplex solved model.


Log for '/tmp/1f9679665d6149a8bf9c09517e280fb3-pulp.lp' Clone_1 (V22.1.0.0) Sun Jan 15 13:17:08 2023

Tried aggregator 1 time.
LP Presolve eliminated 129198 rows and 89444 columns.
All rows and columns eliminated.
Presolve time = 0.06 sec. (51.53 ticks)
Parallel mode: deterministic, using up to 6 threads for concurrent optimization:
 * Starting dual Simplex on 1 thread...
 * Starting primal Simplex on 1 thread...

Log for '/tmp/1f9679665d6149a8bf9c09517e280fb3-pulp.lp' Clone_1 (V22.1.0.0) Sun Jan 15 13:17:08 2023

Using steepest-edge.

Total time on 6 threads = 0.15 sec. (316.19 ticks)

Dual simplex solved model.

