
Log for '/tmp/0d0eec1342354bf3aba40201c50c51d0-pulp.lp' Clone_2 (V22.1.0.0) Thu Jan  5 11:26:36 2023

Tried aggregator 1 time.
LP Presolve eliminated 1518 rows and 3464 columns.
All rows and columns eliminated.
Presolve time = 0.00 sec. (1.01 ticks)

Dual simplex solved model.


Log for '/tmp/e43325f484ac4c83834591485e66cb13-pulp.lp' Clone_2 (V22.1.0.0) Fri Jan  6 10:33:09 2023


Log for '/tmp/e43325f484ac4c83834591485e66cb13-pulp.lp' Clone_2 (V22.1.0.0) Fri Jan  6 10:34:16 2023

Tried aggregator 1 time.
LP Presolve eliminated 5059 rows and 3660 columns.
All rows and columns eliminated.
Presolve time = 0.00 sec. (1.87 ticks)

Dual simplex solved model.


Log for '/tmp/5cae3f22311f4a6a91ded6da510ee8df-pulp.lp' Clone_2 (V22.1.0.0) Fri Jan  6 10:35:16 2023


Log for '/tmp/5cae3f22311f4a6a91ded6da510ee8df-pulp.lp' Clone_2 (V22.1.0.0) Fri Jan  6 10:36:23 2023

Tried aggregator 1 time.
LP Presolve eliminated 5059 rows and 3660 columns.
All rows and columns eliminated.
Presolve time = 0.00 sec. (1.87 ticks)

Dual simplex solved model.


Log for '/tmp/5074614da01e4c28820d255e55d29b60-pulp.lp' Clone_2 (V22.1.0.0) Fri Jan  6 10:36:24 2023


Log for '/tmp/5074614da01e4c28820d255e55d29b60-pulp.lp' Clone_2 (V22.1.0.0) Fri Jan  6 10:37:31 2023

Tried aggregator 1 time.
LP Presolve eliminated 5059 rows and 3660 columns.
All rows and columns eliminated.
Presolve time = 0.00 sec. (1.87 ticks)

Dual simplex solved model.


Log for '/tmp/514269544e834c62b594537e27fa9e00-pulp.lp' Clone_2 (V22.1.0.0) Fri Jan  6 10:37:32 2023


Log for '/tmp/514269544e834c62b594537e27fa9e00-pulp.lp' Clone_2 (V22.1.0.0) Fri Jan  6 10:38:16 2023

Tried aggregator 1 time.
LP Presolve eliminated 5059 rows and 3660 columns.
All rows and columns eliminated.
Presolve time = 0.00 sec. (1.87 ticks)

Dual simplex solved model.


Log for '/tmp/1b9c048982e74acea32612e581b358e5-pulp.lp' Clone_2 (V22.1.0.0) Fri Jan  6 10:42:04 2023


Log for '/tmp/d5002d8e9ee34d3b83d55634e259e7ba-pulp.lp' Clone_2 (V22.1.0.0) Fri Jan  6 10:42:08 2023


Log for '/tmp/d5002d8e9ee34d3b83d55634e259e7ba-pulp.lp' Clone_2 (V22.1.0.0) Fri Jan  6 10:43:04 2023

Tried aggregator 1 time.
LP Presolve eliminated 3275 rows and 2476 columns.
All rows and columns eliminated.
Presolve time = 0.00 sec. (1.25 ticks)

Dual simplex solved model.


Log for '/tmp/492c2d20dd544ddbb55d9cfd0b82f078-pulp.lp' Clone_2 (V22.1.0.0) Fri Jan  6 10:43:05 2023


Log for '/tmp/f085a14766454fd98d005d26cb9c6e24-pulp.lp' Clone_2 (V22.1.0.0) Fri Jan  6 10:43:12 2023


Log for '/tmp/07185cb685a54655b337387e5836782a-pulp.lp' Clone_2 (V22.1.0.0) Fri Jan  6 10:43:29 2023


Log for '/tmp/14922e4d94534c95a8cd6ed8caebf632-pulp.lp' Clone_2 (V22.1.0.0) Fri Jan  6 10:43:29 2023


Log for '/tmp/1d43e41107c2448d97fc88100aec83bc-pulp.lp' Clone_2 (V22.1.0.0) Fri Jan  6 10:43:32 2023


Log for '/tmp/1d43e41107c2448d97fc88100aec83bc-pulp.lp' Clone_2 (V22.1.0.0) Fri Jan  6 10:46:26 2023

Tried aggregator 1 time.
LP Presolve eliminated 3771 rows and 2772 columns.
All rows and columns eliminated.
Presolve time = 0.00 sec. (1.41 ticks)

Dual simplex solved model.


Log for '/tmp/537e2577fbe1462ba216fa2128cb5804-pulp.lp' Clone_2 (V22.1.0.0) Fri Jan  6 10:46:28 2023

