
Log started (V22.1.0.0) Sun Jan 15 15:47:53 2023


Problem '/tmp/a5cc740bd5664862b49c75bf95c77a50-pulp.lp' read.
Read time = 0.00 sec. (0.27 ticks)
Version identifier: 22.1.0.0 | 2022-03-09 | 1a383f8ce
Tried aggregator 3 times.
MIP Presolve eliminated 1045 rows and 586 columns.
MIP Presolve modified 1921 coefficients.
Aggregator did 400 substitutions.
Reduced MIP has 1706 rows, 1370 columns, and 4772 nonzeros.
Reduced MIP has 772 binaries, 598 generals, 0 SOSs, and 0 indicators.
Presolve time = 0.01 sec. (9.84 ticks)
Probing fixed 83 vars, tightened 202 bounds.
Probing time = 0.00 sec. (1.04 ticks)
Cover probing fixed 0 vars, tightened 393 bounds.
Tried aggregator 1 time.
Detecting symmetries...
MIP Presolve eliminated 27 rows and 110 columns.
MIP Presolve modified 696 coefficients.
Reduced MIP has 1679 rows, 1260 columns, and 4635 nonzeros.
Reduced MIP has 662 binaries, 598 generals, 0 SOSs, and 0 indicators.
Presolve time = 0.00 sec. (3.72 ticks)
Probing fixed 0 vars, tightened 209 bounds.
Probing time = 0.00 sec. (0.91 ticks)
Cover probing fixed 0 vars, tightened 377 bounds.
Clique table members: 246.
MIP emphasis: balance optimality and feasibility.
MIP search method: dynamic search.
Parallel mode: deterministic, using up to 8 threads.
Root relaxation solution time = 0.08 sec. (36.40 ticks)

        Nodes                                         Cuts/
   Node  Left     Objective  IInf  Best Integer    Best Bound    ItCnt     Gap

      0     0       67.3701   504                     67.3701     1049         
*     0+    0                          228.0000       67.3701            70.45%
*     0+    0                          124.0000       67.3701            45.67%
      0     0       70.1900   552      124.0000     Cuts: 244     1930   43.40%
      0     0       72.4436   563      124.0000     Cuts: 156     2692   41.58%
      0     0       73.6280   545      124.0000     Cuts: 141     3243   40.62%
      0     0       74.6421   566      124.0000     Cuts: 108     3795   39.80%
      0     0       75.0000   486      124.0000      Cuts: 79     4357   39.52%
Detecting symmetries...
      0     0       75.0211   535      124.0000      Cuts: 73     5068   39.50%
      0     0       75.1393   608      124.0000     Cuts: 103     5548   39.40%
      0     0       75.1795   610      124.0000      Cuts: 89     5780   39.37%
      0     0       75.2154   546      124.0000      Cuts: 62     6067   39.34%
      0     0       75.2269   602      124.0000      Cuts: 48     6241   39.33%
      0     0       75.2284   634      124.0000      Cuts: 39     6333   39.33%
      0     0       75.2471   621      124.0000      Cuts: 29     6674   39.32%
      0     0       75.2607   603      124.0000      Cuts: 71     6843   39.31%
      0     0       75.2699   628      124.0000      Cuts: 61     6951   39.30%
Detecting symmetries...
      0     2       75.2699   628      124.0000       75.2699     6951   39.30%
Elapsed time = 1.95 sec. (867.55 ticks, tree = 0.02 MB, solutions = 2)
*     7+    2                          123.0000       75.3059            38.78%
*    27+    7                          122.0000       75.4170            38.18%
     47    27       75.9213   484      122.0000       75.4170    16366   38.18%
    151   103       76.0565   434      122.0000       75.4170    40664   38.18%
    414   359       79.3701   239      122.0000       75.4170    72132   38.18%
    854   681       75.7841   537      122.0000       75.4449    91232   38.16%
   1263  1053       91.6857   146      122.0000       75.4449   120115   38.16%
   1586  1316       76.1729   494      122.0000       75.4449   138454   38.16%
   1971  1650       79.2059   287      122.0000       75.4502   166915   38.16%
   2437  1982       75.7412   528      122.0000       75.4502   183029   38.16%
   2867  2333    infeasible            122.0000       75.4502   206864   38.16%

Performing restart 1

Repeating presolve.
Tried aggregator 1 time.
MIP Presolve modified 687 coefficients.
Reduced MIP has 1679 rows, 1260 columns, and 4635 nonzeros.
Reduced MIP has 662 binaries, 598 generals, 0 SOSs, and 0 indicators.
Presolve time = 0.00 sec. (2.66 ticks)
Tried aggregator 1 time.
MIP Presolve modified 374 coefficients.
Reduced MIP has 1679 rows, 1260 columns, and 4635 nonzeros.
Reduced MIP has 662 binaries, 598 generals, 0 SOSs, and 0 indicators.
Presolve time = 0.00 sec. (3.54 ticks)
Represolve time = 0.02 sec. (11.87 ticks)
*  3530+    0                          120.0000       75.4502            37.12%
   3530     0       75.5398   708      120.0000     Cuts: 177   245177   37.05%
   3530     0       76.2855   684      120.0000     Cuts: 240   245854   36.43%
   3530     0       76.4176   646      120.0000     Cuts: 242   246474   36.32%
*  3530+    0                          119.0000       76.4176            35.78%
   3530     0  -1.00000e+75     0      119.0000       76.4176   246474   35.78%
   3530     0       76.5738   717      119.0000     Cuts: 192   247115   35.65%
   3530     0       77.0847   698      119.0000     Cuts: 243   247456   35.22%
   3530     0       77.4077   736      119.0000     Cuts: 214   248112   34.95%
   3530     0       77.4775   806      119.0000     Cuts: 255   248615   34.89%
*  3530+    0                          118.0000       77.4775            34.34%
   3530     0       77.5032   724      118.0000     Cuts: 269   249224   34.32%
*  3530+    0                          115.0000       77.5032            32.61%
   3530     0       77.6028   601      115.0000     Cuts: 237   249932   32.52%
   3530     0       77.8077   620      115.0000     Cuts: 257   250711   32.34%
   3530     0       77.8542   685      115.0000     Cuts: 349   251194   32.30%
   3530     0       78.0000   761      115.0000     Cuts: 268   251588   32.17%
   3530     0       78.0000   778      115.0000     Cuts: 280   251898   32.17%
*  3530+    0                          113.0000       78.0000            30.97%
   3530     0       78.0000   656      113.0000      Cuts: 34   252109   30.97%
   3530     0       78.0000   773      113.0000     Cuts: 393   252643   30.97%
   3530     0       78.0000   720      113.0000      Cuts: 94   252888   30.97%
   3530     0       78.0000   756      113.0000     Cuts: 375   253300   30.97%
   3530     0       78.0000   669      113.0000     Cuts: 139   253788   30.97%
   3530     0       78.0453   725      113.0000     Cuts: 368   256144   30.82%
   3530     0       78.2222   672      113.0000     Cuts: 374   257704   30.78%
   3530     0       78.3351   746      113.0000     Cuts: 421   259524   30.68%
   3530     0       78.3751   745      113.0000     Cuts: 430   260374   30.64%
   3530     0       78.4450   754      113.0000     Cuts: 350   261198   30.58%
   3530     0       78.4630   788      113.0000     Cuts: 365   261845   30.56%
   3530     0       78.4722   756      113.0000     Cuts: 383   262529   30.56%
   3530     0       78.5000   768      113.0000     Cuts: 339   262971   30.53%
   3530     0       78.5000   783      113.0000     Cuts: 297   263343   30.53%
*  3530+    0                          111.0000       78.5000            29.28%
   3530     2       78.5000   626      111.0000       78.5000   263343   29.28%
Elapsed time = 22.47 sec. (9355.06 ticks, tree = 0.02 MB, solutions = 10)
   3577     7       78.8333   611      111.0000       78.6667   263952   29.13%
   3616    79       79.5370   466      111.0000       78.6667   306253   29.13%
   3720   131       80.3590   373      111.0000       78.6667   345380   29.13%
   4046   383       82.1298   298      111.0000       78.6667   395290   29.13%
   4899   890       86.4841   121      111.0000       78.6667   448942   29.13%
*  5266  1058      integral     0       92.0000       78.6667   464062   14.49%
*  5288   983      integral     0       90.0000       78.6667   462726   12.59%
   5312  1361       79.1704   687       90.0000       78.6667   491064   12.59%
   5450  1542       81.5874   497       90.0000       78.6667   552105   12.59%
*  5702  1699      integral     0       86.0000       78.6667   597057    8.53%
   6032  1637       84.5152   125       86.0000       78.6667   648868    8.53%
   6166  1796       79.6793   666       86.0000       78.6667   698891    8.53%
Elapsed time = 43.83 sec. (18414.96 ticks, tree = 28.50 MB, solutions = 13)
   6282  1905       80.0288   556       86.0000       78.6667   746525    8.53%
   6321  1806       83.5370   329       86.0000       78.6667   694295    8.53%
   6452  1988       82.7424   367       86.0000       78.6667   808973    8.53%
   6636  2219       83.2526   375       86.0000       78.6667   890094    8.53%
   6936  2468       82.0497   350       86.0000       78.6667   957310    8.53%
   7210  2691       79.0494   537       86.0000       78.6667  1011306    8.53%
   7443  2887       79.0672   552       86.0000       78.6667  1058232    8.53%
   7677  3164       84.5000   174       86.0000       78.6667  1129888    8.53%
   8031  3295       80.9630   358       86.0000       78.6963  1174970    8.49%
   8410  3796        cutoff             86.0000       78.6963  1254094    8.49%
Elapsed time = 67.47 sec. (28082.00 ticks, tree = 62.41 MB, solutions = 13)
*  8445  3765      integral     0       85.0000       78.6963  1254810    7.42%
   8799  3342       80.2482   562       85.0000       78.7076  1305624    7.40%
   9144  3621       79.3771   584       85.0000       78.7160  1356579    7.39%
*  9290+ 3697                           84.0000       78.7231             6.28%
   9300  4016       79.5864   522       84.0000       78.7231  1434299    6.28%
   9532  3182        cutoff             84.0000       78.7503  1460804    6.25%
   9714  3368       82.7689   430       84.0000       78.7503  1503171    6.25%
   9870  3505       81.0000   431       84.0000       78.7885  1542671    6.20%
  10120  3715       81.1611   393       84.0000       78.7991  1612707    6.19%
  10319  3797       82.0947   216       84.0000       78.8007  1641539    6.19%
  10574  4056        cutoff             84.0000       78.8007  1719762    6.19%
Elapsed time = 89.73 sec. (36770.13 ticks, tree = 76.88 MB, solutions = 18)
  10846  4228       82.9375   285       84.0000       78.8333  1754495    6.15%
* 11013  4470      integral     0       83.0000       78.8333  1822465    5.02%
  11242  3422       81.7591   485       83.0000       78.8333  1895183    5.02%
* 11377+ 3326                           82.0000       78.8336             3.86%
  11459  2224       80.2161   515       82.0000       78.8336  1927982    3.86%
  11592  2318       79.1481   588       82.0000       78.8373  1988237    3.86%
  11792  2432       80.5536   377       82.0000       78.8753  2034690    3.81%
  12060  2524       80.0263   679       82.0000       78.8827  2074054    3.80%
  12218  2765       80.4972   347       82.0000       78.8889  2153120    3.79%
  12379  2905       80.6196   519       82.0000       78.8889  2215778    3.79%
  12499  2949       80.8736   606       82.0000       78.8990  2237329    3.78%
Elapsed time = 114.01 sec. (46047.28 ticks, tree = 55.12 MB, solutions = 21)
  12676  3048       79.7584   645       82.0000       78.9132  2304686    3.76%
  12875  3175       80.9607   356       82.0000       78.9151  2348727    3.76%
  13052  3225       79.0977   679       82.0000       78.9259  2377182    3.75%
  13221  3563       80.3974   398       82.0000       78.9259  2487060    3.75%
  13458  3577       78.9259   624       82.0000       78.9259  2508011    3.75%
  13656  3765       78.9540   645       82.0000       78.9259  2560207    3.75%
  13875  3886       80.7739   302       82.0000       78.9540  2611802    3.71%
  14060  4094       79.3928   483       82.0000       78.9678  2668042    3.70%
  14253  4267       80.8398   414       82.0000       78.9717  2726368    3.69%
  14414  4467        cutoff             82.0000       78.9780  2790775    3.69%
Elapsed time = 139.44 sec. (55630.02 ticks, tree = 90.07 MB, solutions = 21)
  14549  4641       80.8708   372       82.0000       78.9815  2852365    3.68%
  14723  4687       79.4815   542       82.0000       78.9815  2876967    3.68%
  14893  4740       80.0360   486       82.0000       78.9878  2921638    3.67%
  15075  4898       80.8330   505       82.0000       78.9878  2985201    3.67%
  15223  5169       80.5092   451       82.0000       79.0000  3071168    3.66%
  15324  5216       79.6933   579       82.0000       79.0000  3117407    3.66%
  15504  5275       80.5463   550       82.0000       79.0000  3145913    3.66%
  15713  5356       80.0952   382       82.0000       79.0000  3177644    3.66%
  15969  5499       80.4372   442       82.0000       79.0000  3246959    3.66%
  16101  5779       79.0188   592       82.0000       79.0000  3332655    3.66%
Elapsed time = 170.12 sec. (65262.48 ticks, tree = 125.62 MB, solutions = 21)
  16195  5843       79.1591   585       82.0000       79.0000  3350021    3.66%
  16328  5971        cutoff             82.0000       79.0000  3429710    3.66%
  16415  6053       79.0117   583       82.0000       79.0000  3487821    3.66%
  16520  6116       79.6946   467       82.0000       79.0000  3516790    3.66%
  16645  6212       79.2580   463       82.0000       79.0000  3566582    3.66%
  16790  6292       79.4317   649       82.0000       79.0000  3605766    3.66%
  16926  6386       80.8188   278       82.0000       79.0000  3631458    3.66%
  17052  6469       80.8000   460       82.0000       79.0000  3693862    3.66%
  17209  6665       79.2852   724       82.0000       79.0000  3791372    3.66%
  17302  6726       79.9890   671       82.0000       79.0002  3817730    3.66%
Elapsed time = 195.36 sec. (74920.68 ticks, tree = 147.44 MB, solutions = 21)
  17413  6835       80.3288   472       82.0000       79.0006  3879859    3.66%
  17517  6962       80.2654   491       82.0000       79.0017  3958498    3.66%
  17617  7024       79.5343   580       82.0000       79.0068  3998955    3.65%
  17759  7036       79.0901   538       82.0000       79.0068  3994284    3.65%
  17897  7101       79.7183   443       82.0000       79.0117  4040653    3.64%
  18038  7272       80.3755   379       82.0000       79.0127  4132681    3.64%
  18201  7311       80.1302   269       82.0000       79.0127  4150636    3.64%
  18331  7570       80.5623   550       82.0000       79.0127  4256131    3.64%
  18418  7654       80.4410   449       82.0000       79.0139  4293549    3.64%
  18536  7682       80.9697   469       82.0000       79.0139  4300895    3.64%
Elapsed time = 222.45 sec. (84528.37 ticks, tree = 168.92 MB, solutions = 21)
  18703  7728       79.2041   715       82.0000       79.0144  4345884    3.64%
  18875  7873        cutoff             82.0000       79.0218  4415126    3.63%
  19019  8003       80.7788   411       82.0000       79.0222  4469429    3.63%
  19149  8245       79.7759   523       82.0000       79.0224  4567562    3.63%
  19322  8313       80.8853   285       82.0000       79.0278  4595701    3.62%
  19473  8453       80.5635   550       82.0000       79.0339  4665173    3.62%
  19613  8381       80.6333   264       82.0000       79.0370  4621518    3.61%
  19721  8567       80.9541   459       82.0000       79.0417  4715335    3.61%
  19872  8664       79.9102   562       82.0000       79.0417  4750457    3.61%
  20418  9194       79.5581   603       82.0000       79.0509  5005751    3.60%
Elapsed time = 257.24 sec. (97020.96 ticks, tree = 202.64 MB, solutions = 21)
  21077  9676       80.5152   373       82.0000       79.0648  5227954    3.58%
  21639 10063        cutoff             82.0000       79.0703  5371977    3.57%
  22186 10513       79.8953   242       82.0000       79.0829  5615942    3.56%
  22637 10756       79.9444   561       82.0000       79.0850  5750086    3.55%
  23077 11246       80.8878   662       82.0000       79.0957  6012303    3.54%
  23595 11461       79.4695   663       82.0000       79.1026  6163145    3.53%
  23930 11740       80.7831   592       82.0000       79.1111  6338376    3.52%
  24288 12092        cutoff             82.0000       79.1111  6612973    3.52%
  24817 12290       80.4805   451       82.0000       79.1232  6733299    3.51%
  25318 12658       79.6639   628       82.0000       79.1286  6924414    3.50%
Elapsed time = 365.77 sec. (135258.05 ticks, tree = 285.28 MB, solutions = 21)
